<?xml version="1.0" encoding="UTF-8"?>
<testsuite xmlns:xsi="http://www.w3.org/2001/XMLSchema-instance" xsi:noNamespaceSchemaLocation="https://maven.apache.org/surefire/maven-surefire-plugin/xsd/surefire-test-report-3.0.xsd" version="3.0" name="RunCucumberTest" time="1.106" tests="3" errors="0" skipped="0" failures="0">
  <properties>
[...]
</properties>
  <testcase name="Cadastrar uma deficiência com sucesso" classname="Cadastro de Deficiência" time="0.213">
    <system-out><![CDATA[A deficiênca é cadastrada!
O cadastro da deficiência é bem-sucedido
]]></system-out>
  </testcase>
  <testcase name="Cadastrar uma pessoa com sucesso" classname="Cadastro de Pessoa" time="0.023">
    <system-out><![CDATA[A pessoa é cadastrada !
O cadastro é bem-sucedido !
]]></system-out>
  </testcase>
  <testcase name="Associar uma pessoa a deficiência" classname="Cadastro de Pessoa" time="0.022">
    <system-out><![CDATA[A pessoa já consta como cadastrada!
A associação é bem sucedidade
]]></system-out>
  </testcase>
</testsuite>